# JRE version: OpenJDK Runtime Environment (21.0.6) (build 21.0.6+-13368085-b895.109)
# Java VM: OpenJDK 64-Bit Server VM (21.0.6+-13368085-b895.109, mixed mode, tiered, compressed oops, compressed class ptrs, g1 gc, windows-amd64)
GC Precious Log:
 CardTable entry size: 512
 Card Set container configuration: InlinePtr #cards 5 size 8 Array Of Cards #cards 12 size 40 Howl #buckets 4 coarsen threshold 1843 Howl Bitmap #cards 512 size 80 coarsen threshold 460 Card regions per heap region 1 cards per card region 2048
 CPUs: 12 total, 12 available
 Memory: 7514M
 Large Page Support: Disabled
 NUMA Support: Disabled
 Compressed Oops: Enabled (32-bit)
 Heap Region Size: 1M
 Heap Min Capacity: 8M
 Heap Initial Capacity: 118M
 Heap Max Capacity: 1880M
 Pre-touch: Disabled
 Parallel Workers: 10
 Concurrent Workers: 3
 Concurrent Refinement Workers: 10
 Periodic GC: Disabled
Heap:
 garbage-first heap   total 46080K, used 22088K [0x000000008a800000, 0x0000000100000000)
  region size 1024K, 3 young (3072K), 2 survivors (2048K)
 Metaspace       used 43217K, committed 43776K, reserved 1114112K
  class space    used 5171K, committed 5440K, reserved 1048576K
GC Heap History (17 events):
Event: 0.515 GC heap before
{Heap before GC invocations=0 (full 0):
 garbage-first heap   total 120832K, used 26624K [0x000000008a800000, 0x0000000100000000)
  region size 1024K, 23 young (23552K), 0 survivors (0K)
 Metaspace       used 14112K, committed 14272K, reserved 1114112K
  class space    used 1335K, committed 1408K, reserved 1048576K
}
Event: 0.519 GC heap after
{Heap after GC invocations=1 (full 0):
 garbage-first heap   total 120832K, used 6144K [0x000000008a800000, 0x0000000100000000)
  region size 1024K, 3 young (3072K), 3 survivors (3072K)
 Metaspace       used 14112K, committed 14272K, reserved 1114112K
  class space    used 1335K, committed 1408K, reserved 1048576K
}
Event: 0.771 GC heap before
{Heap before GC invocations=1 (full 0):
 garbage-first heap   total 120832K, used 28672K [0x000000008a800000, 0x0000000100000000)
  region size 1024K, 25 young (25600K), 3 survivors (3072K)
 Metaspace       used 21270K, committed 21504K, reserved 1114112K
  class space    used 2249K, committed 2368K, reserved 1048576K
}
Event: 0.777 GC heap after
{Heap after GC invocations=2 (full 0):
 garbage-first heap   total 120832K, used 8831K [0x000000008a800000, 0x0000000100000000)
  region size 1024K, 2 young (2048K), 2 survivors (2048K)
 Metaspace       used 21270K, committed 21504K, reserved 1114112K
  class space    used 2249K, committed 2368K, reserved 1048576K
}
Event: 1.105 GC heap before
{Heap before GC invocations=3 (full 0):
 garbage-first heap   total 30720K, used 30335K [0x000000008a800000, 0x0000000100000000)
  region size 1024K, 23 young (23552K), 2 survivors (2048K)
 Metaspace       used 28838K, committed 29120K, reserved 1114112K
  class space    used 3462K, committed 3584K, reserved 1048576K
}
Event: 1.109 GC heap after
{Heap after GC invocations=4 (full 0):
 garbage-first heap   total 33792K, used 9665K [0x000000008a800000, 0x0000000100000000)
  region size 1024K, 3 young (3072K), 3 survivors (3072K)
 Metaspace       used 28838K, committed 29120K, reserved 1114112K
  class space    used 3462K, committed 3584K, reserved 1048576K
}
Event: 1.253 GC heap before
{Heap before GC invocations=4 (full 0):
 garbage-first heap   total 33792K, used 27073K [0x000000008a800000, 0x0000000100000000)
  region size 1024K, 19 young (19456K), 3 survivors (3072K)
 Metaspace       used 29258K, committed 29568K, reserved 1114112K
  class space    used 3480K, committed 3648K, reserved 1048576K
}
Event: 1.262 GC heap after
{Heap after GC invocations=5 (full 0):
 garbage-first heap   total 35840K, used 15949K [0x000000008a800000, 0x0000000100000000)
  region size 1024K, 3 young (3072K), 3 survivors (3072K)
 Metaspace       used 29258K, committed 29568K, reserved 1114112K
  class space    used 3480K, committed 3648K, reserved 1048576K
}
Event: 1.460 GC heap before
{Heap before GC invocations=5 (full 0):
 garbage-first heap   total 35840K, used 28237K [0x000000008a800000, 0x0000000100000000)
  region size 1024K, 16 young (16384K), 3 survivors (3072K)
 Metaspace       used 32779K, committed 33024K, reserved 1114112K
  class space    used 4079K, committed 4160K, reserved 1048576K
}
Event: 1.467 GC heap after
{Heap after GC invocations=6 (full 0):
 garbage-first heap   total 35840K, used 18090K [0x000000008a800000, 0x0000000100000000)
  region size 1024K, 2 young (2048K), 2 survivors (2048K)
 Metaspace       used 32779K, committed 33024K, reserved 1114112K
  class space    used 4079K, committed 4160K, reserved 1048576K
}
Event: 1.673 GC heap before
{Heap before GC invocations=6 (full 0):
 garbage-first heap   total 35840K, used 28330K [0x000000008a800000, 0x0000000100000000)
  region size 1024K, 13 young (13312K), 2 survivors (2048K)
 Metaspace       used 35055K, committed 35328K, reserved 1114112K
  class space    used 4308K, committed 4416K, reserved 1048576K
}
Event: 1.678 GC heap after
{Heap after GC invocations=7 (full 0):
 garbage-first heap   total 35840K, used 17748K [0x000000008a800000, 0x0000000100000000)
  region size 1024K, 2 young (2048K), 2 survivors (2048K)
 Metaspace       used 35055K, committed 35328K, reserved 1114112K
  class space    used 4308K, committed 4416K, reserved 1048576K
}
Event: 1.938 GC heap before
{Heap before GC invocations=8 (full 0):
 garbage-first heap   total 35840K, used 29012K [0x000000008a800000, 0x0000000100000000)
  region size 1024K, 13 young (13312K), 2 survivors (2048K)
 Metaspace       used 36894K, committed 37120K, reserved 1114112K
  class space    used 4522K, committed 4608K, reserved 1048576K
}
Event: 1.941 GC heap after
{Heap after GC invocations=9 (full 0):
 garbage-first heap   total 46080K, used 19147K [0x000000008a800000, 0x0000000100000000)
  region size 1024K, 2 young (2048K), 2 survivors (2048K)
 Metaspace       used 36894K, committed 37120K, reserved 1114112K
  class space    used 4522K, committed 4608K, reserved 1048576K
}
Event: 2.183 GC heap before
{Heap before GC invocations=9 (full 0):
 garbage-first heap   total 46080K, used 35531K [0x000000008a800000, 0x0000000100000000)
  region size 1024K, 19 young (19456K), 2 survivors (2048K)
 Metaspace       used 40756K, committed 41088K, reserved 1114112K
  class space    used 4813K, committed 4992K, reserved 1048576K
}
Event: 2.189 GC heap after
{Heap after GC invocations=10 (full 0):
 garbage-first heap   total 46080K, used 20815K [0x000000008a800000, 0x0000000100000000)
  region size 1024K, 2 young (2048K), 2 survivors (2048K)
 Metaspace       used 40756K, committed 41088K, reserved 1114112K
  class space    used 4813K, committed 4992K, reserved 1048576K
}
Event: 2.458 GC heap before
{Heap before GC invocations=10 (full 0):
 garbage-first heap   total 46080K, used 37199K [0x000000008a800000, 0x0000000100000000)
  region size 1024K, 18 young (18432K), 2 survivors (2048K)
 Metaspace       used 43141K, committed 43712K, reserved 1114112K
  class space    used 5160K, committed 5440K, reserved 1048576K
}

