# JRE version: OpenJDK Runtime Environment (21.0.6) (build 21.0.6+-13368085-b895.109)
# Java VM: OpenJDK 64-Bit Server VM (21.0.6+-13368085-b895.109, mixed mode, tiered, compressed oops, compressed class ptrs, g1 gc, windows-amd64)
GC Precious Log:
 CardTable entry size: 512
 Card Set container configuration: InlinePtr #cards 5 size 8 Array Of Cards #cards 12 size 40 Howl #buckets 4 coarsen threshold 1843 Howl Bitmap #cards 512 size 80 coarsen threshold 460 Card regions per heap region 1 cards per card region 2048
 CPUs: 12 total, 12 available
 Memory: 7514M
 Large Page Support: Disabled
 NUMA Support: Disabled
 Compressed Oops: Enabled (32-bit)
 Heap Region Size: 1M
 Heap Min Capacity: 8M
 Heap Initial Capacity: 118M
 Heap Max Capacity: 1880M
 Pre-touch: Disabled
 Parallel Workers: 10
 Concurrent Workers: 3
 Concurrent Refinement Workers: 10
 Periodic GC: Disabled
Heap:
 garbage-first heap   total 137216K, used 89933K [0x000000008a800000, 0x0000000100000000)
  region size 1024K, 6 young (6144K), 6 survivors (6144K)
 Metaspace       used 65136K, committed 65408K, reserved 1114112K
  class space    used 7171K, committed 7296K, reserved 1048576K
GC Heap History (20 events):
Event: 3.185 GC heap after
{Heap after GC invocations=13 (full 0):
 garbage-first heap   total 51200K, used 32397K [0x000000008a800000, 0x0000000100000000)
  region size 1024K, 3 young (3072K), 3 survivors (3072K)
 Metaspace       used 49857K, committed 50240K, reserved 1114112K
  class space    used 5712K, committed 5888K, reserved 1048576K
}
Event: 3.442 GC heap before
{Heap before GC invocations=14 (full 0):
 garbage-first heap   total 55296K, used 42637K [0x000000008a800000, 0x0000000100000000)
  region size 1024K, 14 young (14336K), 3 survivors (3072K)
 Metaspace       used 53205K, committed 53504K, reserved 1114112K
  class space    used 6156K, committed 6272K, reserved 1048576K
}
Event: 3.450 GC heap after
{Heap after GC invocations=15 (full 0):
 garbage-first heap   total 66560K, used 34053K [0x000000008a800000, 0x0000000100000000)
  region size 1024K, 2 young (2048K), 2 survivors (2048K)
 Metaspace       used 53205K, committed 53504K, reserved 1114112K
  class space    used 6156K, committed 6272K, reserved 1048576K
}
Event: 3.657 GC heap before
{Heap before GC invocations=15 (full 0):
 garbage-first heap   total 66560K, used 53509K [0x000000008a800000, 0x0000000100000000)
  region size 1024K, 22 young (22528K), 2 survivors (2048K)
 Metaspace       used 53789K, committed 54080K, reserved 1114112K
  class space    used 6196K, committed 6336K, reserved 1048576K
}
Event: 3.667 GC heap after
{Heap after GC invocations=16 (full 0):
 garbage-first heap   total 66560K, used 37476K [0x000000008a800000, 0x0000000100000000)
  region size 1024K, 3 young (3072K), 3 survivors (3072K)
 Metaspace       used 53789K, committed 54080K, reserved 1114112K
  class space    used 6196K, committed 6336K, reserved 1048576K
}
Event: 3.879 GC heap before
{Heap before GC invocations=16 (full 0):
 garbage-first heap   total 66560K, used 50788K [0x000000008a800000, 0x0000000100000000)
  region size 1024K, 17 young (17408K), 3 survivors (3072K)
 Metaspace       used 56487K, committed 56768K, reserved 1114112K
  class space    used 6490K, committed 6592K, reserved 1048576K
}
Event: 3.887 GC heap after
{Heap after GC invocations=17 (full 0):
 garbage-first heap   total 66560K, used 39869K [0x000000008a800000, 0x0000000100000000)
  region size 1024K, 2 young (2048K), 2 survivors (2048K)
 Metaspace       used 56487K, committed 56768K, reserved 1114112K
  class space    used 6490K, committed 6592K, reserved 1048576K
}
Event: 3.939 GC heap before
{Heap before GC invocations=18 (full 0):
 garbage-first heap   total 68608K, used 58301K [0x000000008a800000, 0x0000000100000000)
  region size 1024K, 19 young (19456K), 2 survivors (2048K)
 Metaspace       used 56505K, committed 56832K, reserved 1114112K
  class space    used 6490K, committed 6592K, reserved 1048576K
}
Event: 3.949 GC heap after
{Heap after GC invocations=19 (full 0):
 garbage-first heap   total 68608K, used 46848K [0x000000008a800000, 0x0000000100000000)
  region size 1024K, 3 young (3072K), 3 survivors (3072K)
 Metaspace       used 56505K, committed 56832K, reserved 1114112K
  class space    used 6490K, committed 6592K, reserved 1048576K
}
Event: 4.021 GC heap before
{Heap before GC invocations=19 (full 0):
 garbage-first heap   total 68608K, used 59136K [0x000000008a800000, 0x0000000100000000)
  region size 1024K, 15 young (15360K), 3 survivors (3072K)
 Metaspace       used 56667K, committed 57024K, reserved 1114112K
  class space    used 6516K, committed 6656K, reserved 1048576K
}
Event: 4.030 GC heap after
{Heap after GC invocations=20 (full 0):
 garbage-first heap   total 137216K, used 50564K [0x000000008a800000, 0x0000000100000000)
  region size 1024K, 2 young (2048K), 2 survivors (2048K)
 Metaspace       used 56667K, committed 57024K, reserved 1114112K
  class space    used 6516K, committed 6656K, reserved 1048576K
}
Event: 4.971 GC heap before
{Heap before GC invocations=20 (full 0):
 garbage-first heap   total 137216K, used 105860K [0x000000008a800000, 0x0000000100000000)
  region size 1024K, 56 young (57344K), 2 survivors (2048K)
 Metaspace       used 59231K, committed 59520K, reserved 1114112K
  class space    used 6783K, committed 6912K, reserved 1048576K
}
Event: 4.985 GC heap after
{Heap after GC invocations=21 (full 0):
 garbage-first heap   total 137216K, used 62833K [0x000000008a800000, 0x0000000100000000)
  region size 1024K, 7 young (7168K), 7 survivors (7168K)
 Metaspace       used 59231K, committed 59520K, reserved 1114112K
  class space    used 6783K, committed 6912K, reserved 1048576K
}
Event: 5.590 GC heap before
{Heap before GC invocations=21 (full 0):
 garbage-first heap   total 137216K, used 104817K [0x000000008a800000, 0x0000000100000000)
  region size 1024K, 48 young (49152K), 7 survivors (7168K)
 Metaspace       used 60208K, committed 60544K, reserved 1114112K
  class space    used 6824K, committed 6976K, reserved 1048576K
}
Event: 5.602 GC heap after
{Heap after GC invocations=22 (full 0):
 garbage-first heap   total 137216K, used 70615K [0x000000008a800000, 0x0000000100000000)
  region size 1024K, 6 young (6144K), 6 survivors (6144K)
 Metaspace       used 60208K, committed 60544K, reserved 1114112K
  class space    used 6824K, committed 6976K, reserved 1048576K
}
Event: 6.437 GC heap before
{Heap before GC invocations=22 (full 0):
 garbage-first heap   total 137216K, used 111575K [0x000000008a800000, 0x0000000100000000)
  region size 1024K, 46 young (47104K), 6 survivors (6144K)
 Metaspace       used 62119K, committed 62464K, reserved 1114112K
  class space    used 6943K, committed 7104K, reserved 1048576K
}
Event: 6.450 GC heap after
{Heap after GC invocations=23 (full 0):
 garbage-first heap   total 137216K, used 77051K [0x000000008a800000, 0x0000000100000000)
  region size 1024K, 6 young (6144K), 6 survivors (6144K)
 Metaspace       used 62119K, committed 62464K, reserved 1114112K
  class space    used 6943K, committed 7104K, reserved 1048576K
}
Event: 7.290 GC heap before
{Heap before GC invocations=24 (full 0):
 garbage-first heap   total 137216K, used 114939K [0x000000008a800000, 0x0000000100000000)
  region size 1024K, 44 young (45056K), 6 survivors (6144K)
 Metaspace       used 64477K, committed 64768K, reserved 1114112K
  class space    used 7149K, committed 7296K, reserved 1048576K
}
Event: 7.302 GC heap after
{Heap after GC invocations=25 (full 0):
 garbage-first heap   total 137216K, used 82391K [0x000000008a800000, 0x0000000100000000)
  region size 1024K, 6 young (6144K), 6 survivors (6144K)
 Metaspace       used 64477K, committed 64768K, reserved 1114112K
  class space    used 7149K, committed 7296K, reserved 1048576K
}
Event: 7.720 GC heap before
{Heap before GC invocations=25 (full 0):
 garbage-first heap   total 137216K, used 119255K [0x000000008a800000, 0x0000000100000000)
  region size 1024K, 42 young (43008K), 6 survivors (6144K)
 Metaspace       used 65136K, committed 65408K, reserved 1114112K
  class space    used 7171K, committed 7296K, reserved 1048576K
}

